  Source.cpp
C:\Users\marin\source\repos\MyAppInSFML\MyAppInSFML\Source.cpp(71,64): warning C4244: 'argument': conversion from 'double' to 'T', possible loss of data
          with
          [
              T=int
          ]
C:\Users\marin\source\repos\MyAppInSFML\MyAppInSFML\Source.cpp(71,60): warning C4244: 'argument': conversion from 'double' to 'T', possible loss of data
          with
          [
              T=int
          ]
C:\Users\marin\source\repos\MyAppInSFML\MyAppInSFML\Source.cpp(124,73): warning C4244: 'argument': conversion from 'double' to 'T', possible loss of data
          with
          [
              T=int
          ]
C:\Users\marin\source\repos\MyAppInSFML\MyAppInSFML\Source.cpp(124,68): warning C4244: 'argument': conversion from 'double' to 'T', possible loss of data
          with
          [
              T=int
          ]
C:\Users\marin\source\repos\MyAppInSFML\MyAppInSFML\Source.cpp(312,49): warning C4244: 'argument': conversion from 'int' to 'float', possible loss of data
C:\Users\marin\source\repos\MyAppInSFML\MyAppInSFML\Source.cpp(312,42): warning C4244: 'argument': conversion from 'int' to 'float', possible loss of data
C:\Users\marin\source\repos\MyAppInSFML\MyAppInSFML\Source.cpp(317,62): warning C4244: 'argument': conversion from 'int' to 'float', possible loss of data
C:\Users\marin\source\repos\MyAppInSFML\MyAppInSFML\Source.cpp(317,48): warning C4244: 'argument': conversion from 'int' to 'float', possible loss of data
  MyAppInSFML.vcxproj -> C:\Users\marin\source\repos\MyAppInSFML\Debug\MyAppInSFML.exe
